<?xml version="1.0" encoding="UTF-8"?>
<!-- Generated by org.testng.reporters.JUnitReportReporter -->
<testsuite hostname="ParentPC" failures="0" tests="1" name="com.amazon.qa.testcase.logintest" time="12.783" errors="0" timestamp="2021-04-07T20:16:11 CEST" skipped="0">
  <testcase classname="com.amazon.qa.testcase.logintest" name="login" time="12.783"/>
  <system-out/>
</testsuite> <!-- com.amazon.qa.testcase.logintest -->
