<?xml version="1.0" encoding="UTF-8"?>
<!-- Generated by org.testng.reporters.JUnitReportReporter -->
<testsuite hostname="ParentPC" failures="0" tests="1" name="kendocalender.KendoDateTimePicker" time="11.123" errors="0" timestamp="2021-04-28T11:11:21 CEST" skipped="0">
  <testcase classname="kendocalender.KendoDateTimePicker" name="SelectDateFromKendoCalendar" time="11.123"/>
  <system-out/>
</testsuite> <!-- kendocalender.KendoDateTimePicker -->
