<?xml version="1.0" encoding="UTF-8"?>
<!-- Generated by org.testng.reporters.JUnitReportReporter -->
<testsuite hostname="ParentPC" failures="0" tests="1" name="com.amazon.qa.testcase.Passwordtest" time="43.911" errors="0" timestamp="2021-04-23T10:15:36 CEST" skipped="0">
  <testcase classname="com.amazon.qa.testcase.Passwordtest" name="homekitchen" time="43.911"/>
  <system-out/>
</testsuite> <!-- com.amazon.qa.testcase.Passwordtest -->
