<?xml version="1.0" encoding="UTF-8"?>
<!-- Generated by org.testng.reporters.JUnitReportReporter -->
<testsuite hostname="ParentPC" failures="0" tests="1" name="com.amazon.qa.testcase.homepagetest" time="11.763" errors="0" timestamp="2021-04-07T20:15:34 CEST" skipped="0">
  <testcase classname="com.amazon.qa.testcase.homepagetest" name="home" time="11.763"/>
  <system-out/>
</testsuite> <!-- com.amazon.qa.testcase.homepagetest -->
