<?xml version="1.0" encoding="UTF-8"?>
<!-- Generated by org.testng.reporters.JUnitReportReporter -->
<testsuite hostname="ParentPC" failures="0" tests="2" name="com.freecm.qa.login.LoginTest" time="18.701" errors="0" timestamp="2021-09-22T16:09:08 CEST" skipped="0">
  <testcase classname="com.freecm.qa.login.LoginTest" name="logintest" time="9.293"/>
  <system-out/>
  <testcase classname="com.freecm.qa.login.LoginTest" name="logintest" time="9.408"/>
  <system-out/>
</testsuite> <!-- com.freecm.qa.login.LoginTest -->
