<?xml version="1.0" encoding="UTF-8"?>
<!-- Generated by org.testng.reporters.JUnitReportReporter -->
<testsuite hostname="ParentPC" failures="0" tests="1" name="test.Testng_demo" time="9.875" errors="0" timestamp="2021-04-04T11:36:26 CEST" skipped="0">
  <testcase classname="test.Testng_demo" name="myluxmedpagetest" time="9.875"/>
  <system-out/>
</testsuite> <!-- test.Testng_demo -->
